<?xml version="1.0" encoding="UTF-8"?>
<!-- Generated by org.testng.reporters.JUnitReportReporter -->
<testsuite hostname="DESKTOP-2F5QA6J" failures="0" tests="1" name="com.demowebshop.automation.testscript.TestScriptClass" time="58.538" errors="0" timestamp="2023-04-26T07:38:03 IST" skipped="0">
  <testcase classname="com.demowebshop.automation.testscript.TestScriptClass" name="testscript" time="58.538"/>
  <system-out/>
</testsuite> <!-- com.demowebshop.automation.testscript.TestScriptClass -->
